<?xml version="1.0" encoding="UTF-8"?>
<testng-results ignored="0" total="1" passed="1" failed="0" skipped="0">
  <reporter-output>
  </reporter-output>
  <suite started-at="2024-12-20T19:11:13 IST" name="Default suite" finished-at="2024-12-20T19:14:12 IST" duration-ms="178400">
    <groups>
    </groups>
    <test started-at="2024-12-20T19:11:13 IST" name="Default test" finished-at="2024-12-20T19:14:12 IST" duration-ms="178400">
      <class name="NewLoans.Borrower.ES_06_NewBorrower_Refinancings__EasyFIX">
        <test-method is-config="true" signature="setup()[pri:0, instance:NewLoans.Borrower.ES_06_NewBorrower_Refinancings__EasyFIX@5d99c6b5]" started-at="2024-12-20T19:11:13 IST" name="setup" finished-at="2024-12-20T19:11:19 IST" duration-ms="5424" status="PASS">
          <reporter-output>
          </reporter-output>
        </test-method> <!-- setup -->
        <test-method signature="NewBorrowerRefinancingsEasyFIX()[pri:0, instance:NewLoans.Borrower.ES_06_NewBorrower_Refinancings__EasyFIX@5d99c6b5]" started-at="2024-12-20T19:11:19 IST" name="NewBorrowerRefinancingsEasyFIX" finished-at="2024-12-20T19:14:12 IST" duration-ms="172917" status="PASS">
          <reporter-output>
          </reporter-output>
        </test-method> <!-- NewBorrowerRefinancingsEasyFIX -->
        <test-method is-config="true" signature="tearDown()[pri:0, instance:NewLoans.Borrower.ES_06_NewBorrower_Refinancings__EasyFIX@5d99c6b5]" started-at="2024-12-20T19:14:12 IST" name="tearDown" finished-at="2024-12-20T19:14:12 IST" duration-ms="0" status="PASS">
          <reporter-output>
          </reporter-output>
        </test-method> <!-- tearDown -->
      </class> <!-- NewLoans.Borrower.ES_06_NewBorrower_Refinancings__EasyFIX -->
    </test> <!-- Default test -->
  </suite> <!-- Default suite -->
</testng-results>
