<?xml version="1.0" encoding="UTF-8"?>
<!-- Generated by org.testng.reporters.JUnitReportReporter -->
<testsuite hostname="Hanshu-Yuvansh" failures="0" tests="4" name="Login.ES_02_Login" time="62.260" errors="0" timestamp="2024-12-05T12:07:12 IST" skipped="0">
  <testcase classname="Login.ES_02_Login" name="login" time="15.313"/>
  <testcase classname="Login.ES_02_Login" name="login" time="15.863"/>
  <testcase classname="Login.ES_02_Login" name="login" time="15.826"/>
  <testcase classname="Login.ES_02_Login" name="login" time="15.258"/>
</testsuite> <!-- Login.ES_02_Login -->
